{"@timestamp":"2025-10-01T00:01:01.665953+08:00","level":"INFO","thread_name":"SpringApplicationShutdownHook","logger_name":"org.springframework.boot.web.embedded.tomcat.GracefulShutdown","message":"Commencing graceful shutdown. Waiting for active requests to complete"}
{"@timestamp":"2025-10-01T00:01:01.674578+08:00","level":"INFO","thread_name":"tomcat-shutdown","logger_name":"org.springframework.boot.web.embedded.tomcat.GracefulShutdown","message":"Graceful shutdown complete"}
{"@timestamp":"2025-10-01T00:01:01.679198+08:00","level":"INFO","thread_name":"SpringApplicationShutdownHook","logger_name":"com.zaxxer.hikari.HikariDataSource","message":"HikariPool-1 - Shutdown initiated..."}
{"@timestamp":"2025-10-01T00:01:01.683354+08:00","level":"INFO","thread_name":"SpringApplicationShutdownHook","logger_name":"com.zaxxer.hikari.HikariDataSource","message":"HikariPool-1 - Shutdown completed."}
{"@timestamp":"2025-10-01T00:01:04.189595+08:00","level":"INFO","thread_name":"background-preinit","logger_name":"org.hibernate.validator.internal.util.Version","message":"HV000001: Hibernate Validator 8.0.3.Final"}
{"@timestamp":"2025-10-01T00:01:04.20706+08:00","level":"INFO","thread_name":"main","logger_name":"com.example.test0919.Application","message":"Starting Application using Java 22.0.1 with PID 3692 (/Users/zengalier/IdeaProjects/0919/target/classes started by zengalier in /Users/zengalier/IdeaProjects/0919)"}
{"@timestamp":"2025-10-01T00:01:04.207506+08:00","level":"INFO","thread_name":"main","logger_name":"com.example.test0919.Application","message":"No active profile set, falling back to 1 default profile: \"default\""}
{"@timestamp":"2025-10-01T00:01:04.837354+08:00","level":"INFO","thread_name":"main","logger_name":"org.springframework.boot.web.embedded.tomcat.TomcatWebServer","message":"Tomcat initialized with port 8080 (http)"}
{"@timestamp":"2025-10-01T00:01:04.845099+08:00","level":"INFO","thread_name":"main","logger_name":"org.apache.coyote.http11.Http11NioProtocol","message":"Initializing ProtocolHandler [\"http-nio-8080\"]"}
{"@timestamp":"2025-10-01T00:01:04.867956+08:00","level":"INFO","thread_name":"main","logger_name":"org.springframework.boot.web.servlet.context.ServletWebServerApplicationContext","message":"Root WebApplicationContext: initialization completed in 645 ms"}
{"@timestamp":"2025-10-01T00:01:05.142569+08:00","level":"INFO","thread_name":"main","logger_name":"org.springframework.security.config.annotation.authentication.configuration.InitializeUserDetailsBeanManagerConfigurer$InitializeUserDetailsManagerConfigurer","message":"Global AuthenticationManager configured with UserDetailsService bean with name userDetailsService"}
{"@timestamp":"2025-10-01T00:01:05.472519+08:00","level":"INFO","thread_name":"main","logger_name":"org.apache.coyote.http11.Http11NioProtocol","message":"Starting ProtocolHandler [\"http-nio-8080\"]"}
{"@timestamp":"2025-10-01T00:01:05.4791+08:00","level":"INFO","thread_name":"main","logger_name":"org.springframework.boot.web.embedded.tomcat.TomcatWebServer","message":"Tomcat started on port 8080 (http) with context path '/'"}
{"@timestamp":"2025-10-01T00:01:05.485653+08:00","level":"INFO","thread_name":"main","logger_name":"com.example.test0919.Application","message":"Started Application in 1.605 seconds (process running for 1.86)"}
{"@timestamp":"2025-10-01T00:01:10.999148+08:00","level":"INFO","thread_name":"http-nio-8080-exec-1","logger_name":"org.springframework.web.servlet.DispatcherServlet","message":"Initializing Servlet 'dispatcherServlet'"}
{"@timestamp":"2025-10-01T00:01:11.000612+08:00","level":"INFO","thread_name":"http-nio-8080-exec-1","logger_name":"org.springframework.web.servlet.DispatcherServlet","message":"Completed initialization in 1 ms"}
{"@timestamp":"2025-10-01T00:01:11.025317+08:00","level":"INFO","thread_name":"http-nio-8080-exec-1","logger_name":"com.zaxxer.hikari.HikariDataSource","message":"HikariPool-1 - Starting...","correlationId":"2969fc7d-14e4-4040-a48a-627d4ddf9a76"}
{"@timestamp":"2025-10-01T00:01:11.164749+08:00","level":"INFO","thread_name":"http-nio-8080-exec-1","logger_name":"com.zaxxer.hikari.pool.HikariPool","message":"HikariPool-1 - Added connection com.mysql.cj.jdbc.ConnectionImpl@6a617932","correlationId":"2969fc7d-14e4-4040-a48a-627d4ddf9a76"}
{"@timestamp":"2025-10-01T00:01:11.165517+08:00","level":"INFO","thread_name":"http-nio-8080-exec-1","logger_name":"com.zaxxer.hikari.HikariDataSource","message":"HikariPool-1 - Start completed.","correlationId":"2969fc7d-14e4-4040-a48a-627d4ddf9a76"}
{"@timestamp":"2025-10-01T00:01:11.212112+08:00","level":"INFO","thread_name":"http-nio-8080-exec-1","logger_name":"com.example.test0919.controller.ProductController","message":"get_product id=22","correlationId":"2969fc7d-14e4-4040-a48a-627d4ddf9a76"}
{"@timestamp":"2025-10-01T00:01:40.733389+08:00","level":"INFO","thread_name":"http-nio-8080-exec-2","logger_name":"com.example.test0919.controller.ProductController","message":"update_product_not_found id=50","correlationId":"28a60fb0-8a70-4e0c-817c-8c25d7f5fc35"}
{"@timestamp":"2025-10-01T00:03:33.03349+08:00","level":"INFO","thread_name":"http-nio-8080-exec-5","logger_name":"com.example.test0919.controller.ProductController","message":"update_product_not_found id=50","correlationId":"9f876d50-d774-49aa-bb5b-f43f4d0e853a"}
{"@timestamp":"2025-10-01T00:05:11.60426+08:00","level":"INFO","thread_name":"SpringApplicationShutdownHook","logger_name":"org.springframework.boot.web.embedded.tomcat.GracefulShutdown","message":"Commencing graceful shutdown. Waiting for active requests to complete"}
{"@timestamp":"2025-10-01T00:05:11.607531+08:00","level":"INFO","thread_name":"tomcat-shutdown","logger_name":"org.springframework.boot.web.embedded.tomcat.GracefulShutdown","message":"Graceful shutdown complete"}
{"@timestamp":"2025-10-01T00:05:11.610305+08:00","level":"INFO","thread_name":"SpringApplicationShutdownHook","logger_name":"com.zaxxer.hikari.HikariDataSource","message":"HikariPool-1 - Shutdown initiated..."}
{"@timestamp":"2025-10-01T00:05:11.61227+08:00","level":"INFO","thread_name":"SpringApplicationShutdownHook","logger_name":"com.zaxxer.hikari.HikariDataSource","message":"HikariPool-1 - Shutdown completed."}
{"@timestamp":"2025-10-01T00:05:13.796455+08:00","level":"INFO","thread_name":"background-preinit","logger_name":"org.hibernate.validator.internal.util.Version","message":"HV000001: Hibernate Validator 8.0.3.Final"}
{"@timestamp":"2025-10-01T00:05:13.814154+08:00","level":"INFO","thread_name":"main","logger_name":"com.example.test0919.Application","message":"Starting Application using Java 22.0.1 with PID 3712 (/Users/zengalier/IdeaProjects/0919/target/classes started by zengalier in /Users/zengalier/IdeaProjects/0919)"}
{"@timestamp":"2025-10-01T00:05:13.814601+08:00","level":"INFO","thread_name":"main","logger_name":"com.example.test0919.Application","message":"No active profile set, falling back to 1 default profile: \"default\""}
{"@timestamp":"2025-10-01T00:05:14.451514+08:00","level":"INFO","thread_name":"main","logger_name":"org.springframework.boot.web.embedded.tomcat.TomcatWebServer","message":"Tomcat initialized with port 8080 (http)"}
{"@timestamp":"2025-10-01T00:05:14.458842+08:00","level":"INFO","thread_name":"main","logger_name":"org.apache.coyote.http11.Http11NioProtocol","message":"Initializing ProtocolHandler [\"http-nio-8080\"]"}
{"@timestamp":"2025-10-01T00:05:14.480588+08:00","level":"INFO","thread_name":"main","logger_name":"org.springframework.boot.web.servlet.context.ServletWebServerApplicationContext","message":"Root WebApplicationContext: initialization completed in 650 ms"}
{"@timestamp":"2025-10-01T00:05:14.751601+08:00","level":"INFO","thread_name":"main","logger_name":"org.springframework.security.config.annotation.authentication.configuration.InitializeUserDetailsBeanManagerConfigurer$InitializeUserDetailsManagerConfigurer","message":"Global AuthenticationManager configured with UserDetailsService bean with name userDetailsService"}
{"@timestamp":"2025-10-01T00:05:15.081345+08:00","level":"INFO","thread_name":"main","logger_name":"org.apache.coyote.http11.Http11NioProtocol","message":"Starting ProtocolHandler [\"http-nio-8080\"]"}
{"@timestamp":"2025-10-01T00:05:15.087661+08:00","level":"INFO","thread_name":"main","logger_name":"org.springframework.boot.web.embedded.tomcat.TomcatWebServer","message":"Tomcat started on port 8080 (http) with context path '/'"}
{"@timestamp":"2025-10-01T00:05:15.093464+08:00","level":"INFO","thread_name":"main","logger_name":"com.example.test0919.Application","message":"Started Application in 1.625 seconds (process running for 1.873)"}
{"@timestamp":"2025-10-01T00:05:23.757536+08:00","level":"INFO","thread_name":"http-nio-8080-exec-1","logger_name":"org.springframework.web.servlet.DispatcherServlet","message":"Initializing Servlet 'dispatcherServlet'"}
{"@timestamp":"2025-10-01T00:05:23.759+08:00","level":"INFO","thread_name":"http-nio-8080-exec-1","logger_name":"org.springframework.web.servlet.DispatcherServlet","message":"Completed initialization in 1 ms"}
{"@timestamp":"2025-10-01T00:05:23.786958+08:00","level":"INFO","thread_name":"http-nio-8080-exec-1","logger_name":"com.zaxxer.hikari.HikariDataSource","message":"HikariPool-1 - Starting...","correlationId":"f04935be-06e1-4068-97e1-14406b16eb98"}
{"@timestamp":"2025-10-01T00:05:23.920754+08:00","level":"INFO","thread_name":"http-nio-8080-exec-1","logger_name":"com.zaxxer.hikari.pool.HikariPool","message":"HikariPool-1 - Added connection com.mysql.cj.jdbc.ConnectionImpl@4ba07441","correlationId":"f04935be-06e1-4068-97e1-14406b16eb98"}
{"@timestamp":"2025-10-01T00:05:23.921451+08:00","level":"INFO","thread_name":"http-nio-8080-exec-1","logger_name":"com.zaxxer.hikari.HikariDataSource","message":"HikariPool-1 - Start completed.","correlationId":"f04935be-06e1-4068-97e1-14406b16eb98"}
{"@timestamp":"2025-10-01T00:05:24.001023+08:00","level":"INFO","thread_name":"http-nio-8080-exec-1","logger_name":"com.example.test0919.controller.ProductController","message":"update_product_not_found id=50","correlationId":"f04935be-06e1-4068-97e1-14406b16eb98"}
{"@timestamp":"2025-10-01T00:05:54.07664+08:00","level":"INFO","thread_name":"SpringApplicationShutdownHook","logger_name":"org.springframework.boot.web.embedded.tomcat.GracefulShutdown","message":"Commencing graceful shutdown. Waiting for active requests to complete"}
{"@timestamp":"2025-10-01T00:05:54.079897+08:00","level":"INFO","thread_name":"tomcat-shutdown","logger_name":"org.springframework.boot.web.embedded.tomcat.GracefulShutdown","message":"Graceful shutdown complete"}
{"@timestamp":"2025-10-01T00:05:54.082985+08:00","level":"INFO","thread_name":"SpringApplicationShutdownHook","logger_name":"com.zaxxer.hikari.HikariDataSource","message":"HikariPool-1 - Shutdown initiated..."}
{"@timestamp":"2025-10-01T00:05:54.085205+08:00","level":"INFO","thread_name":"SpringApplicationShutdownHook","logger_name":"com.zaxxer.hikari.HikariDataSource","message":"HikariPool-1 - Shutdown completed."}
{"@timestamp":"2025-10-01T00:14:35.039053+08:00","level":"INFO","thread_name":"background-preinit","logger_name":"org.hibernate.validator.internal.util.Version","message":"HV000001: Hibernate Validator 8.0.3.Final"}
{"@timestamp":"2025-10-01T00:14:35.059863+08:00","level":"INFO","thread_name":"main","logger_name":"com.example.test0919.Application","message":"Starting Application using Java 22.0.1 with PID 3737 (/Users/zengalier/IdeaProjects/0919/target/classes started by zengalier in /Users/zengalier/IdeaProjects/0919)"}
{"@timestamp":"2025-10-01T00:14:35.060307+08:00","level":"INFO","thread_name":"main","logger_name":"com.example.test0919.Application","message":"No active profile set, falling back to 1 default profile: \"default\""}
{"@timestamp":"2025-10-01T00:14:35.736117+08:00","level":"INFO","thread_name":"main","logger_name":"org.springframework.boot.web.embedded.tomcat.TomcatWebServer","message":"Tomcat initialized with port 8080 (http)"}
{"@timestamp":"2025-10-01T00:14:35.743849+08:00","level":"INFO","thread_name":"main","logger_name":"org.apache.coyote.http11.Http11NioProtocol","message":"Initializing ProtocolHandler [\"http-nio-8080\"]"}
{"@timestamp":"2025-10-01T00:14:35.766223+08:00","level":"INFO","thread_name":"main","logger_name":"org.springframework.boot.web.servlet.context.ServletWebServerApplicationContext","message":"Root WebApplicationContext: initialization completed in 691 ms"}
{"@timestamp":"2025-10-01T00:14:36.035167+08:00","level":"INFO","thread_name":"main","logger_name":"org.springframework.security.config.annotation.authentication.configuration.InitializeUserDetailsBeanManagerConfigurer$InitializeUserDetailsManagerConfigurer","message":"Global AuthenticationManager configured with UserDetailsService bean with name userDetailsService"}
{"@timestamp":"2025-10-01T00:14:36.360529+08:00","level":"INFO","thread_name":"main","logger_name":"org.apache.coyote.http11.Http11NioProtocol","message":"Starting ProtocolHandler [\"http-nio-8080\"]"}
{"@timestamp":"2025-10-01T00:14:36.366862+08:00","level":"INFO","thread_name":"main","logger_name":"org.springframework.boot.web.embedded.tomcat.TomcatWebServer","message":"Tomcat started on port 8080 (http) with context path '/'"}
{"@timestamp":"2025-10-01T00:14:36.372331+08:00","level":"INFO","thread_name":"main","logger_name":"com.example.test0919.Application","message":"Started Application in 1.66 seconds (process running for 1.986)"}
{"@timestamp":"2025-10-01T00:14:43.509825+08:00","level":"INFO","thread_name":"http-nio-8080-exec-1","logger_name":"org.springframework.web.servlet.DispatcherServlet","message":"Initializing Servlet 'dispatcherServlet'"}
{"@timestamp":"2025-10-01T00:14:43.511241+08:00","level":"INFO","thread_name":"http-nio-8080-exec-1","logger_name":"org.springframework.web.servlet.DispatcherServlet","message":"Completed initialization in 1 ms"}
{"@timestamp":"2025-10-01T00:14:43.532194+08:00","level":"INFO","thread_name":"http-nio-8080-exec-1","logger_name":"com.zaxxer.hikari.HikariDataSource","message":"HikariPool-1 - Starting...","correlationId":"37513ec6-a84e-437e-9d03-d4054277e210"}
{"@timestamp":"2025-10-01T00:14:43.671731+08:00","level":"INFO","thread_name":"http-nio-8080-exec-1","logger_name":"com.zaxxer.hikari.pool.HikariPool","message":"HikariPool-1 - Added connection com.mysql.cj.jdbc.ConnectionImpl@8d99abf","correlationId":"37513ec6-a84e-437e-9d03-d4054277e210"}
{"@timestamp":"2025-10-01T00:14:43.672485+08:00","level":"INFO","thread_name":"http-nio-8080-exec-1","logger_name":"com.zaxxer.hikari.HikariDataSource","message":"HikariPool-1 - Start completed.","correlationId":"37513ec6-a84e-437e-9d03-d4054277e210"}
{"@timestamp":"2025-10-01T00:14:43.747277+08:00","level":"INFO","thread_name":"http-nio-8080-exec-1","logger_name":"com.example.test0919.controller.ProductController","message":"update_product_not_found id=50","correlationId":"37513ec6-a84e-437e-9d03-d4054277e210"}
{"@timestamp":"2025-10-01T00:14:49.002114+08:00","level":"INFO","thread_name":"http-nio-8080-exec-2","logger_name":"com.example.test0919.controller.ProductController","message":"update_product id=20","correlationId":"a4b9b25e-aaf9-44ae-a9b7-6b14deb8516f"}
{"@timestamp":"2025-10-01T00:15:18.352985+08:00","level":"INFO","thread_name":"http-nio-8080-exec-3","logger_name":"com.example.test0919.controller.ProductController","message":"get_product id=19","correlationId":"2ba4ca07-dc45-4272-ac14-0c9e73662acf"}
{"@timestamp":"2025-10-01T00:15:31.14461+08:00","level":"INFO","thread_name":"SpringApplicationShutdownHook","logger_name":"org.springframework.boot.web.embedded.tomcat.GracefulShutdown","message":"Commencing graceful shutdown. Waiting for active requests to complete"}
{"@timestamp":"2025-10-01T00:15:31.14779+08:00","level":"INFO","thread_name":"tomcat-shutdown","logger_name":"org.springframework.boot.web.embedded.tomcat.GracefulShutdown","message":"Graceful shutdown complete"}
{"@timestamp":"2025-10-01T00:15:31.151895+08:00","level":"INFO","thread_name":"SpringApplicationShutdownHook","logger_name":"com.zaxxer.hikari.HikariDataSource","message":"HikariPool-1 - Shutdown initiated..."}
{"@timestamp":"2025-10-01T00:15:31.15481+08:00","level":"INFO","thread_name":"SpringApplicationShutdownHook","logger_name":"com.zaxxer.hikari.HikariDataSource","message":"HikariPool-1 - Shutdown completed."}
